<?xml version="1.0" encoding="UTF-8"?>
<testsuite xmlns:xsi="http://www.w3.org/2001/XMLSchema-instance" xsi:noNamespaceSchemaLocation="https://maven.apache.org/surefire/maven-surefire-plugin/xsd/surefire-test-report-3.0.xsd" version="3.0" name="com.decouvrezvotreville.apispring.ApiSpringApplicationTests" time="9.5" tests="1" errors="0" skipped="0" failures="0">
  <properties>
[...]
</properties>
  <testcase name="contextLoads" classname="com.decouvrezvotreville.apispring.ApiSpringApplicationTests" time="0.383">
    <system-out><![CDATA[
  .   ____          _            __ _ _
 /\\ / ___'_ __ _ _(_)_ __  __ _ \ \ \ \
( ( )\___ | '_ | '_| | '_ \/ _` | \ \ \ \
 \\/  ___)| |_)| | | | | || (_| |  ) ) ) )
  '  |____| .__|_| |_|_| |_\__, | / / / /
 =========|_|==============|___/=/_/_/_/
 :: Spring Boot ::                (v3.1.5)

2024-03-06T09:26:54,055 INFO  [main] o.s.b.StartupInfoLogger: Starting ApiSpringApplicationTests using Java 17.0.9 with PID 24688 (started by labib in C:\Users\labib\Desktop\github\Decouvrezvotreville)
2024-03-06T09:26:54,061 DEBUG [main] o.s.b.StartupInfoLogger: Running with Spring Boot v3.1.5, Spring v6.0.13
2024-03-06T09:26:54,064 INFO  [main] o.s.b.SpringApplication: No active profile set, falling back to 1 default profile: "default"
2024-03-06T09:26:54,671 INFO  [main] o.s.d.r.c.RepositoryConfigurationDelegate: Bootstrapping Spring Data JPA repositories in DEFAULT mode.
2024-03-06T09:26:54,734 INFO  [main] o.s.d.r.c.RepositoryConfigurationDelegate: Finished Spring Data repository scanning in 52 ms. Found 5 JPA repository interfaces.
2024-03-06T09:26:55,161 INFO  [main] o.h.j.i.u.LogHelper: HHH000204: Processing PersistenceUnitInfo [name: default]
2024-03-06T09:26:55,211 INFO  [main] o.h.Version: HHH000412: Hibernate ORM core version 6.2.13.Final
2024-03-06T09:26:55,214 INFO  [main] o.h.c.Environment: HHH000406: Using bytecode reflection optimizer
2024-03-06T09:26:55,434 INFO  [main] o.s.o.j.p.SpringPersistenceUnitInfo: No LoadTimeWeaver setup: ignoring JPA class transformer
2024-03-06T09:26:55,460 INFO  [main] c.z.h.HikariDataSource: HikariPool-1 - Starting...
2024-03-06T09:26:56,342 INFO  [main] c.z.h.p.HikariPool: HikariPool-1 - Added connection com.mysql.cj.jdbc.ConnectionImpl@49fe0bcd
2024-03-06T09:26:56,347 INFO  [main] c.z.h.HikariDataSource: HikariPool-1 - Start completed.
2024-03-06T09:26:56,372 WARN  [main] o.h.e.j.d.i.DialectFactoryImpl: HHH90000025: MySQL57Dialect does not need to be specified explicitly using 'hibernate.dialect' (remove the property setting and it will be selected by default)
2024-03-06T09:26:56,373 WARN  [main] o.h.e.j.d.i.DialectFactoryImpl: HHH90000026: MySQL57Dialect has been deprecated; use org.hibernate.dialect.MySQLDialect instead
2024-03-06T09:26:57,043 INFO  [main] o.h.e.t.j.p.i.JtaPlatformInitiator: HHH000489: No JTA platform available (set 'hibernate.transaction.jta.platform' to enable JTA platform integration)
2024-03-06T09:27:00,180 INFO  [main] o.s.o.j.AbstractEntityManagerFactoryBean: Initialized JPA EntityManagerFactory for persistence unit 'default'
2024-03-06T09:27:00,562 INFO  [main] o.s.d.j.r.q.QueryEnhancerFactory: Hibernate is in classpath; If applicable, HQL parser will be used.
2024-03-06T09:27:01,495 WARN  [main] o.s.b.a.o.j.JpaBaseConfiguration$JpaWebConfiguration: spring.jpa.open-in-view is enabled by default. Therefore, database queries may be performed during view rendering. Explicitly configure spring.jpa.open-in-view to disable this warning
2024-03-06T09:27:01,659 INFO  [main] o.s.s.w.DefaultSecurityFilterChain: Will secure any request with [org.springframework.security.web.session.DisableEncodeUrlFilter@d0993f0, org.springframework.security.web.context.request.async.WebAsyncManagerIntegrationFilter@8a607a9, org.springframework.security.web.context.SecurityContextHolderFilter@418f3cde, org.springframework.security.web.header.HeaderWriterFilter@1bb1c6dd, org.springframework.web.filter.CorsFilter@4ed8ae9f, org.springframework.security.web.authentication.logout.LogoutFilter@591b8f15, com.decouvrezvotreville.apispring.config.JwtAuthenticationFilter@238fcafa, org.springframework.security.web.savedrequest.RequestCacheAwareFilter@720da195, org.springframework.security.web.servletapi.SecurityContextHolderAwareRequestFilter@4039d109, org.springframework.security.web.authentication.AnonymousAuthenticationFilter@5a618847, org.springframework.security.web.session.SessionManagementFilter@5074893, org.springframework.security.web.access.ExceptionTranslationFilter@3a3740a5, org.springframework.security.web.access.intercept.AuthorizationFilter@5d5822bc]
2024-03-06T09:27:02,386 INFO  [main] o.s.b.StartupInfoLogger: Started ApiSpringApplicationTests in 8.585 seconds (process running for 9.544)
]]></system-out>
  </testcase>
</testsuite>